2022-08-29 21:52:01,018 | INFO  | Using Persistence Adapter: KahaDBPersistenceAdapter[C:\Tuan Anh\ToThuy\Kien truc PM\2022\apache-activemq-5.17.1\bin\win64\..\..\data\kahadb] | org.apache.activemq.broker.BrokerService | WrapperSimpleAppMain
2022-08-29 21:52:02,629 | INFO  | PListStore:[C:\Tuan Anh\ToThuy\Kien truc PM\2022\apache-activemq-5.17.1\bin\win64\..\..\data\localhost\tmp_storage] started | org.apache.activemq.store.kahadb.plist.PListStoreImpl | WrapperSimpleAppMain
2022-08-29 21:52:02,810 | INFO  | Apache ActiveMQ 5.17.1 (localhost, ID:RAKUS089-52255-1661784722645-0:1) is starting | org.apache.activemq.broker.BrokerService | WrapperSimpleAppMain
2022-08-29 21:52:02,858 | INFO  | Listening for connections at: tcp://RAKUS089:61616?maximumConnections=1000&wireFormat.maxFrameSize=104857600 | org.apache.activemq.transport.TransportServerThreadSupport | WrapperSimpleAppMain
2022-08-29 21:52:02,858 | INFO  | Connector openwire started | org.apache.activemq.broker.TransportConnector | WrapperSimpleAppMain
2022-08-29 21:52:02,876 | INFO  | Listening for connections at: amqp://RAKUS089:5672?maximumConnections=1000&wireFormat.maxFrameSize=104857600 | org.apache.activemq.transport.TransportServerThreadSupport | WrapperSimpleAppMain
2022-08-29 21:52:02,876 | INFO  | Connector amqp started | org.apache.activemq.broker.TransportConnector | WrapperSimpleAppMain
2022-08-29 21:52:02,883 | INFO  | Listening for connections at: stomp://RAKUS089:61613?maximumConnections=1000&wireFormat.maxFrameSize=104857600 | org.apache.activemq.transport.TransportServerThreadSupport | WrapperSimpleAppMain
2022-08-29 21:52:02,883 | INFO  | Connector stomp started | org.apache.activemq.broker.TransportConnector | WrapperSimpleAppMain
2022-08-29 21:52:02,883 | INFO  | Listening for connections at: mqtt://RAKUS089:1883?maximumConnections=1000&wireFormat.maxFrameSize=104857600 | org.apache.activemq.transport.TransportServerThreadSupport | WrapperSimpleAppMain
2022-08-29 21:52:02,883 | INFO  | Connector mqtt started | org.apache.activemq.broker.TransportConnector | WrapperSimpleAppMain
2022-08-29 21:52:02,898 | INFO  | Starting Jetty server | org.apache.activemq.transport.WebTransportServerSupport | WrapperSimpleAppMain
2022-08-29 21:52:02,983 | INFO  | Creating Jetty connector | org.apache.activemq.transport.WebTransportServerSupport | WrapperSimpleAppMain
2022-08-29 21:52:03,077 | WARN  | ServletContext@o.e.j.s.ServletContextHandler@27681a93{/,null,STARTING} has uncovered http methods for path: / | org.eclipse.jetty.security.SecurityHandler | WrapperSimpleAppMain
2022-08-29 21:52:03,218 | INFO  | Listening for connections at ws://RAKUS089:61614?maximumConnections=1000&wireFormat.maxFrameSize=104857600 | org.apache.activemq.transport.ws.WSTransportServer | WrapperSimpleAppMain
2022-08-29 21:52:03,218 | INFO  | Connector ws started | org.apache.activemq.broker.TransportConnector | WrapperSimpleAppMain
2022-08-29 21:52:03,218 | INFO  | Apache ActiveMQ 5.17.1 (localhost, ID:RAKUS089-52255-1661784722645-0:1) started | org.apache.activemq.broker.BrokerService | WrapperSimpleAppMain
2022-08-29 21:52:03,218 | INFO  | For help or more information please see: http://activemq.apache.org | org.apache.activemq.broker.BrokerService | WrapperSimpleAppMain
2022-08-29 21:52:03,239 | WARN  | Store limit is 102400 mb (current store usage is 0 mb). The data directory: C:\Tuan Anh\ToThuy\Kien truc PM\2022\apache-activemq-5.17.1\bin\win64\..\..\data\kahadb only has 70026 mb of usable space. - resetting to maximum available disk space: 70026 mb | org.apache.activemq.broker.BrokerService | WrapperSimpleAppMain
2022-08-29 21:52:05,322 | INFO  | ActiveMQ WebConsole available at http://127.0.0.1:8161/ | org.apache.activemq.web.WebConsoleStarter | WrapperSimpleAppMain
2022-08-29 21:52:05,322 | INFO  | ActiveMQ Jolokia REST API available at http://127.0.0.1:8161/api/jolokia/ | org.apache.activemq.web.WebConsoleStarter | WrapperSimpleAppMain
2022-09-02 20:37:13,850 | INFO  | Using Persistence Adapter: KahaDBPersistenceAdapter[C:\Tuan Anh\ToThuy\Kien truc PM\2022\apache-activemq-5.17.1\bin\win64\..\..\data\kahadb] | org.apache.activemq.broker.BrokerService | WrapperSimpleAppMain
2022-09-02 20:37:13,976 | INFO  | Page File: ..\..\data\kahadb\db.data. Recovering pageFile free list due to prior unclean shutdown.. | org.apache.activemq.store.kahadb.disk.page.PageFile | KahaDB Index Free Page Recovery
2022-09-02 20:37:13,985 | INFO  | KahaDB is version 7 | org.apache.activemq.store.kahadb.MessageDatabase | WrapperSimpleAppMain
2022-09-02 20:37:13,986 | INFO  | Page File: ..\..\data\kahadb\db.data. Recovered pageFile free list of size: 0 | org.apache.activemq.store.kahadb.disk.page.PageFile | KahaDB Index Free Page Recovery
2022-09-02 20:37:14,154 | INFO  | PListStore:[C:\Tuan Anh\ToThuy\Kien truc PM\2022\apache-activemq-5.17.1\bin\win64\..\..\data\localhost\tmp_storage] started | org.apache.activemq.store.kahadb.plist.PListStoreImpl | WrapperSimpleAppMain
2022-09-02 20:37:14,334 | INFO  | Apache ActiveMQ 5.17.1 (localhost, ID:RAKUS089-60008-1662125834169-0:1) is starting | org.apache.activemq.broker.BrokerService | WrapperSimpleAppMain
2022-09-02 20:37:14,361 | INFO  | Listening for connections at: tcp://RAKUS089:61616?maximumConnections=1000&wireFormat.maxFrameSize=104857600 | org.apache.activemq.transport.TransportServerThreadSupport | WrapperSimpleAppMain
2022-09-02 20:37:14,362 | INFO  | Connector openwire started | org.apache.activemq.broker.TransportConnector | WrapperSimpleAppMain
2022-09-02 20:37:14,369 | INFO  | Listening for connections at: amqp://RAKUS089:5672?maximumConnections=1000&wireFormat.maxFrameSize=104857600 | org.apache.activemq.transport.TransportServerThreadSupport | WrapperSimpleAppMain
2022-09-02 20:37:14,369 | INFO  | Connector amqp started | org.apache.activemq.broker.TransportConnector | WrapperSimpleAppMain
2022-09-02 20:37:14,375 | INFO  | Listening for connections at: stomp://RAKUS089:61613?maximumConnections=1000&wireFormat.maxFrameSize=104857600 | org.apache.activemq.transport.TransportServerThreadSupport | WrapperSimpleAppMain
2022-09-02 20:37:14,375 | INFO  | Connector stomp started | org.apache.activemq.broker.TransportConnector | WrapperSimpleAppMain
2022-09-02 20:37:14,380 | INFO  | Listening for connections at: mqtt://RAKUS089:1883?maximumConnections=1000&wireFormat.maxFrameSize=104857600 | org.apache.activemq.transport.TransportServerThreadSupport | WrapperSimpleAppMain
2022-09-02 20:37:14,380 | INFO  | Connector mqtt started | org.apache.activemq.broker.TransportConnector | WrapperSimpleAppMain
2022-09-02 20:37:14,386 | INFO  | Starting Jetty server | org.apache.activemq.transport.WebTransportServerSupport | WrapperSimpleAppMain
2022-09-02 20:37:14,456 | INFO  | Creating Jetty connector | org.apache.activemq.transport.WebTransportServerSupport | WrapperSimpleAppMain
2022-09-02 20:37:14,541 | WARN  | ServletContext@o.e.j.s.ServletContextHandler@45e7d04d{/,null,STARTING} has uncovered http methods for path: / | org.eclipse.jetty.security.SecurityHandler | WrapperSimpleAppMain
2022-09-02 20:37:14,616 | INFO  | Listening for connections at ws://RAKUS089:61614?maximumConnections=1000&wireFormat.maxFrameSize=104857600 | org.apache.activemq.transport.ws.WSTransportServer | WrapperSimpleAppMain
2022-09-02 20:37:14,616 | INFO  | Connector ws started | org.apache.activemq.broker.TransportConnector | WrapperSimpleAppMain
2022-09-02 20:37:14,616 | INFO  | Apache ActiveMQ 5.17.1 (localhost, ID:RAKUS089-60008-1662125834169-0:1) started | org.apache.activemq.broker.BrokerService | WrapperSimpleAppMain
2022-09-02 20:37:14,617 | INFO  | For help or more information please see: http://activemq.apache.org | org.apache.activemq.broker.BrokerService | WrapperSimpleAppMain
2022-09-02 20:37:14,632 | WARN  | Store limit is 102400 mb (current store usage is 0 mb). The data directory: C:\Tuan Anh\ToThuy\Kien truc PM\2022\apache-activemq-5.17.1\bin\win64\..\..\data\kahadb only has 67905 mb of usable space. - resetting to maximum available disk space: 67905 mb | org.apache.activemq.broker.BrokerService | WrapperSimpleAppMain
2022-09-02 20:37:15,480 | INFO  | ActiveMQ WebConsole available at http://127.0.0.1:8161/ | org.apache.activemq.web.WebConsoleStarter | WrapperSimpleAppMain
2022-09-02 20:37:15,480 | INFO  | ActiveMQ Jolokia REST API available at http://127.0.0.1:8161/api/jolokia/ | org.apache.activemq.web.WebConsoleStarter | WrapperSimpleAppMain
2022-09-02 20:37:58,109 | WARN  | Transport Connection to: tcp://0:0:0:0:0:0:0:1:60097 failed: Frame size of 1 GB larger than max allowed 100 MB | org.apache.activemq.broker.TransportConnection.Transport | ActiveMQ Transport: tcp:///0:0:0:0:0:0:0:1:60097@61616
2022-09-02 20:37:59,167 | WARN  | Transport Connection to: tcp://0:0:0:0:0:0:0:1:60098 failed: Frame size of 1 GB larger than max allowed 100 MB | org.apache.activemq.broker.TransportConnection.Transport | ActiveMQ Transport: tcp:///0:0:0:0:0:0:0:1:60098@61616
2022-09-02 20:38:04,201 | WARN  | Transport Connection to: tcp://0:0:0:0:0:0:0:1:60099 failed: Frame size of 1 GB larger than max allowed 100 MB | org.apache.activemq.broker.TransportConnection.Transport | ActiveMQ Transport: tcp:///0:0:0:0:0:0:0:1:60099@61616
2022-09-02 20:38:34,228 | WARN  | Transport Connection to: tcp://0:0:0:0:0:0:0:1:60100 failed: Channel was inactive (no connection attempt made) for too (>30000) long: tcp://0:0:0:0:0:0:0:1:60100 | org.apache.activemq.broker.TransportConnection.Transport | ActiveMQ InactivityMonitor Worker 0
