STATUS | wrapper  | 2022/08/29 21:51:51 | --> Wrapper Started as Console
STATUS | wrapper  | 2022/08/29 21:51:51 | Launching a JVM...
INFO   | jvm 1    | 2022/08/29 21:51:54 | Wrapper (Version 3.2.3) http://wrapper.tanukisoftware.org
INFO   | jvm 1    | 2022/08/29 21:51:54 |   Copyright 1999-2006 Tanuki Software, Inc.  All Rights Reserved.
INFO   | jvm 1    | 2022/08/29 21:51:54 | 
INFO   | jvm 1    | 2022/08/29 21:51:54 | Java Runtime: Oracle Corporation 11.0.13 C:\Program Files\Java\jdk-11.0.13
INFO   | jvm 1    | 2022/08/29 21:51:54 |   Heap sizes: current=1048576k  free=1036288k  max=1048576k
INFO   | jvm 1    | 2022/08/29 21:51:54 |     JVM args: -Dactivemq.home=../.. -Dactivemq.base=../.. -Djavax.net.ssl.keyStorePassword=password -Djavax.net.ssl.trustStorePassword=password -Djavax.net.ssl.keyStore=../../conf/broker.ks -Djavax.net.ssl.trustStore=../../conf/broker.ts -Dcom.sun.management.jmxremote -Dorg.apache.activemq.UseDedicatedTaskRunner=false -Djava.util.logging.config.file=logging.properties -Dactivemq.conf=../../conf -Dactivemq.data=../../data -Djava.security.auth.login.config=../../conf/login.config -Xms1024m -Xmx1024m -Djava.library.path=../../bin/win64 -Dwrapper.key=2q2LV03n2SwHAShc -Dwrapper.port=32000 -Dwrapper.jvm.port.min=31000 -Dwrapper.jvm.port.max=31999 -Dwrapper.pid=22580 -Dwrapper.version=3.2.3 -Dwrapper.native_library=wrapper -Dwrapper.cpu.timeout=10 -Dwrapper.jvmid=1
INFO   | jvm 1    | 2022/08/29 21:51:54 | Extensions classpath:
INFO   | jvm 1    | 2022/08/29 21:51:54 |   [..\..\lib,..\..\lib\camel,..\..\lib\optional,..\..\lib\web,..\..\lib\extra]
INFO   | jvm 1    | 2022/08/29 21:51:54 | ACTIVEMQ_HOME: ..\..
INFO   | jvm 1    | 2022/08/29 21:51:54 | ACTIVEMQ_BASE: ..\..
INFO   | jvm 1    | 2022/08/29 21:51:54 | ACTIVEMQ_CONF: ..\..\conf
INFO   | jvm 1    | 2022/08/29 21:51:54 | ACTIVEMQ_DATA: ..\..\data
INFO   | jvm 1    | 2022/08/29 21:51:59 | Loading message broker from: xbean:activemq.xml
INFO   | jvm 1    | 2022/08/29 21:52:01 |  INFO | Using Persistence Adapter: KahaDBPersistenceAdapter[C:\Tuan Anh\ToThuy\Kien truc PM\2022\apache-activemq-5.17.1\bin\win64\..\..\data\kahadb]
INFO   | jvm 1    | 2022/08/29 21:52:02 |  INFO | PListStore:[C:\Tuan Anh\ToThuy\Kien truc PM\2022\apache-activemq-5.17.1\bin\win64\..\..\data\localhost\tmp_storage] started
INFO   | jvm 1    | 2022/08/29 21:52:02 |  INFO | Apache ActiveMQ 5.17.1 (localhost, ID:RAKUS089-52255-1661784722645-0:1) is starting
INFO   | jvm 1    | 2022/08/29 21:52:02 |  INFO | Listening for connections at: tcp://RAKUS089:61616?maximumConnections=1000&wireFormat.maxFrameSize=104857600
INFO   | jvm 1    | 2022/08/29 21:52:02 |  INFO | Connector openwire started
INFO   | jvm 1    | 2022/08/29 21:52:02 |  INFO | Listening for connections at: amqp://RAKUS089:5672?maximumConnections=1000&wireFormat.maxFrameSize=104857600
INFO   | jvm 1    | 2022/08/29 21:52:02 |  INFO | Connector amqp started
INFO   | jvm 1    | 2022/08/29 21:52:02 |  INFO | Listening for connections at: stomp://RAKUS089:61613?maximumConnections=1000&wireFormat.maxFrameSize=104857600
INFO   | jvm 1    | 2022/08/29 21:52:02 |  INFO | Connector stomp started
INFO   | jvm 1    | 2022/08/29 21:52:02 |  INFO | Listening for connections at: mqtt://RAKUS089:1883?maximumConnections=1000&wireFormat.maxFrameSize=104857600
INFO   | jvm 1    | 2022/08/29 21:52:02 |  INFO | Connector mqtt started
INFO   | jvm 1    | 2022/08/29 21:52:02 |  INFO | Starting Jetty server
INFO   | jvm 1    | 2022/08/29 21:52:03 |  INFO | Creating Jetty connector
INFO   | jvm 1    | 2022/08/29 21:52:03 |  WARN | ServletContext@o.e.j.s.ServletContextHandler@27681a93{/,null,STARTING} has uncovered http methods for path: /
INFO   | jvm 1    | 2022/08/29 21:52:03 |  INFO | Listening for connections at ws://RAKUS089:61614?maximumConnections=1000&wireFormat.maxFrameSize=104857600
INFO   | jvm 1    | 2022/08/29 21:52:03 |  INFO | Connector ws started
INFO   | jvm 1    | 2022/08/29 21:52:03 |  INFO | Apache ActiveMQ 5.17.1 (localhost, ID:RAKUS089-52255-1661784722645-0:1) started
INFO   | jvm 1    | 2022/08/29 21:52:03 |  INFO | For help or more information please see: http://activemq.apache.org
INFO   | jvm 1    | 2022/08/29 21:52:03 |  WARN | Store limit is 102400 mb (current store usage is 0 mb). The data directory: C:\Tuan Anh\ToThuy\Kien truc PM\2022\apache-activemq-5.17.1\bin\win64\..\..\data\kahadb only has 70026 mb of usable space. - resetting to maximum available disk space: 70026 mb
INFO   | jvm 1    | 2022/08/29 21:52:05 |  INFO | ActiveMQ WebConsole available at http://127.0.0.1:8161/
INFO   | jvm 1    | 2022/08/29 21:52:05 |  INFO | ActiveMQ Jolokia REST API available at http://127.0.0.1:8161/api/jolokia/
STATUS | wrapper  | 2022/09/02 20:37:09 | --> Wrapper Started as Console
STATUS | wrapper  | 2022/09/02 20:37:10 | Launching a JVM...
INFO   | jvm 1    | 2022/09/02 20:37:11 | Wrapper (Version 3.2.3) http://wrapper.tanukisoftware.org
INFO   | jvm 1    | 2022/09/02 20:37:11 |   Copyright 1999-2006 Tanuki Software, Inc.  All Rights Reserved.
INFO   | jvm 1    | 2022/09/02 20:37:11 | 
INFO   | jvm 1    | 2022/09/02 20:37:11 | Java Runtime: Oracle Corporation 11.0.13 C:\Program Files\Java\jdk-11.0.13
INFO   | jvm 1    | 2022/09/02 20:37:11 |   Heap sizes: current=1048576k  free=1036288k  max=1048576k
INFO   | jvm 1    | 2022/09/02 20:37:11 |     JVM args: -Dactivemq.home=../.. -Dactivemq.base=../.. -Djavax.net.ssl.keyStorePassword=password -Djavax.net.ssl.trustStorePassword=password -Djavax.net.ssl.keyStore=../../conf/broker.ks -Djavax.net.ssl.trustStore=../../conf/broker.ts -Dcom.sun.management.jmxremote -Dorg.apache.activemq.UseDedicatedTaskRunner=false -Djava.util.logging.config.file=logging.properties -Dactivemq.conf=../../conf -Dactivemq.data=../../data -Djava.security.auth.login.config=../../conf/login.config -Xms1024m -Xmx1024m -Djava.library.path=../../bin/win64 -Dwrapper.key=Jk3xLwidQabDAYun -Dwrapper.port=32000 -Dwrapper.jvm.port.min=31000 -Dwrapper.jvm.port.max=31999 -Dwrapper.pid=13104 -Dwrapper.version=3.2.3 -Dwrapper.native_library=wrapper -Dwrapper.cpu.timeout=10 -Dwrapper.jvmid=1
INFO   | jvm 1    | 2022/09/02 20:37:11 | Extensions classpath:
INFO   | jvm 1    | 2022/09/02 20:37:11 |   [..\..\lib,..\..\lib\camel,..\..\lib\optional,..\..\lib\web,..\..\lib\extra]
INFO   | jvm 1    | 2022/09/02 20:37:11 | ACTIVEMQ_HOME: ..\..
INFO   | jvm 1    | 2022/09/02 20:37:11 | ACTIVEMQ_BASE: ..\..
INFO   | jvm 1    | 2022/09/02 20:37:11 | ACTIVEMQ_CONF: ..\..\conf
INFO   | jvm 1    | 2022/09/02 20:37:11 | ACTIVEMQ_DATA: ..\..\data
INFO   | jvm 1    | 2022/09/02 20:37:12 | Loading message broker from: xbean:activemq.xml
INFO   | jvm 1    | 2022/09/02 20:37:13 |  INFO | Using Persistence Adapter: KahaDBPersistenceAdapter[C:\Tuan Anh\ToThuy\Kien truc PM\2022\apache-activemq-5.17.1\bin\win64\..\..\data\kahadb]
INFO   | jvm 1    | 2022/09/02 20:37:14 |  INFO | Page File: ..\..\data\kahadb\db.data. Recovering pageFile free list due to prior unclean shutdown..
INFO   | jvm 1    | 2022/09/02 20:37:14 |  INFO | KahaDB is version 7
INFO   | jvm 1    | 2022/09/02 20:37:14 |  INFO | Page File: ..\..\data\kahadb\db.data. Recovered pageFile free list of size: 0
INFO   | jvm 1    | 2022/09/02 20:37:14 |  INFO | PListStore:[C:\Tuan Anh\ToThuy\Kien truc PM\2022\apache-activemq-5.17.1\bin\win64\..\..\data\localhost\tmp_storage] started
INFO   | jvm 1    | 2022/09/02 20:37:14 |  INFO | Apache ActiveMQ 5.17.1 (localhost, ID:RAKUS089-60008-1662125834169-0:1) is starting
INFO   | jvm 1    | 2022/09/02 20:37:14 |  INFO | Listening for connections at: tcp://RAKUS089:61616?maximumConnections=1000&wireFormat.maxFrameSize=104857600
INFO   | jvm 1    | 2022/09/02 20:37:14 |  INFO | Connector openwire started
INFO   | jvm 1    | 2022/09/02 20:37:14 |  INFO | Listening for connections at: amqp://RAKUS089:5672?maximumConnections=1000&wireFormat.maxFrameSize=104857600
INFO   | jvm 1    | 2022/09/02 20:37:14 |  INFO | Connector amqp started
INFO   | jvm 1    | 2022/09/02 20:37:14 |  INFO | Listening for connections at: stomp://RAKUS089:61613?maximumConnections=1000&wireFormat.maxFrameSize=104857600
INFO   | jvm 1    | 2022/09/02 20:37:14 |  INFO | Connector stomp started
INFO   | jvm 1    | 2022/09/02 20:37:14 |  INFO | Listening for connections at: mqtt://RAKUS089:1883?maximumConnections=1000&wireFormat.maxFrameSize=104857600
INFO   | jvm 1    | 2022/09/02 20:37:14 |  INFO | Connector mqtt started
INFO   | jvm 1    | 2022/09/02 20:37:14 |  INFO | Starting Jetty server
INFO   | jvm 1    | 2022/09/02 20:37:14 |  INFO | Creating Jetty connector
INFO   | jvm 1    | 2022/09/02 20:37:14 |  WARN | ServletContext@o.e.j.s.ServletContextHandler@45e7d04d{/,null,STARTING} has uncovered http methods for path: /
INFO   | jvm 1    | 2022/09/02 20:37:14 |  INFO | Listening for connections at ws://RAKUS089:61614?maximumConnections=1000&wireFormat.maxFrameSize=104857600
INFO   | jvm 1    | 2022/09/02 20:37:14 |  INFO | Connector ws started
INFO   | jvm 1    | 2022/09/02 20:37:14 |  INFO | Apache ActiveMQ 5.17.1 (localhost, ID:RAKUS089-60008-1662125834169-0:1) started
INFO   | jvm 1    | 2022/09/02 20:37:14 |  INFO | For help or more information please see: http://activemq.apache.org
INFO   | jvm 1    | 2022/09/02 20:37:14 |  WARN | Store limit is 102400 mb (current store usage is 0 mb). The data directory: C:\Tuan Anh\ToThuy\Kien truc PM\2022\apache-activemq-5.17.1\bin\win64\..\..\data\kahadb only has 67905 mb of usable space. - resetting to maximum available disk space: 67905 mb
INFO   | jvm 1    | 2022/09/02 20:37:15 |  INFO | ActiveMQ WebConsole available at http://127.0.0.1:8161/
INFO   | jvm 1    | 2022/09/02 20:37:15 |  INFO | ActiveMQ Jolokia REST API available at http://127.0.0.1:8161/api/jolokia/
INFO   | jvm 1    | 2022/09/02 20:37:58 |  WARN | Transport Connection to: tcp://0:0:0:0:0:0:0:1:60097 failed: Frame size of 1 GB larger than max allowed 100 MB
INFO   | jvm 1    | 2022/09/02 20:37:59 |  WARN | Transport Connection to: tcp://0:0:0:0:0:0:0:1:60098 failed: Frame size of 1 GB larger than max allowed 100 MB
INFO   | jvm 1    | 2022/09/02 20:38:04 |  WARN | Transport Connection to: tcp://0:0:0:0:0:0:0:1:60099 failed: Frame size of 1 GB larger than max allowed 100 MB
INFO   | jvm 1    | 2022/09/02 20:38:34 |  WARN | Transport Connection to: tcp://0:0:0:0:0:0:0:1:60100 failed: Channel was inactive (no connection attempt made) for too (>30000) long: tcp://0:0:0:0:0:0:0:1:60100
STATUS | wrapper  | 2022/09/04 18:48:53 | --> Wrapper Started as Console
STATUS | wrapper  | 2022/09/04 18:48:54 | Launching a JVM...
INFO   | jvm 1    | 2022/09/04 18:48:55 | Wrapper (Version 3.2.3) http://wrapper.tanukisoftware.org
INFO   | jvm 1    | 2022/09/04 18:48:55 |   Copyright 1999-2006 Tanuki Software, Inc.  All Rights Reserved.
INFO   | jvm 1    | 2022/09/04 18:48:55 | 
INFO   | jvm 1    | 2022/09/04 18:48:55 | Java Runtime: Oracle Corporation 11.0.13 C:\Program Files\Java\jdk-11.0.13
INFO   | jvm 1    | 2022/09/04 18:48:55 |   Heap sizes: current=1048576k  free=1036288k  max=1048576k
INFO   | jvm 1    | 2022/09/04 18:48:55 |     JVM args: -Dactivemq.home=../.. -Dactivemq.base=../.. -Djavax.net.ssl.keyStorePassword=password -Djavax.net.ssl.trustStorePassword=password -Djavax.net.ssl.keyStore=../../conf/broker.ks -Djavax.net.ssl.trustStore=../../conf/broker.ts -Dcom.sun.management.jmxremote -Dorg.apache.activemq.UseDedicatedTaskRunner=false -Djava.util.logging.config.file=logging.properties -Dactivemq.conf=../../conf -Dactivemq.data=../../data -Djava.security.auth.login.config=../../conf/login.config -Xms1024m -Xmx1024m -Djava.library.path=../../bin/win64 -Dwrapper.key=hWjQGjuFNEeXP9St -Dwrapper.port=32000 -Dwrapper.jvm.port.min=31000 -Dwrapper.jvm.port.max=31999 -Dwrapper.pid=12364 -Dwrapper.version=3.2.3 -Dwrapper.native_library=wrapper -Dwrapper.cpu.timeout=10 -Dwrapper.jvmid=1
INFO   | jvm 1    | 2022/09/04 18:48:55 | Extensions classpath:
INFO   | jvm 1    | 2022/09/04 18:48:55 |   [..\..\lib,..\..\lib\camel,..\..\lib\optional,..\..\lib\web,..\..\lib\extra]
INFO   | jvm 1    | 2022/09/04 18:48:55 | ACTIVEMQ_HOME: ..\..
INFO   | jvm 1    | 2022/09/04 18:48:55 | ACTIVEMQ_BASE: ..\..
INFO   | jvm 1    | 2022/09/04 18:48:55 | ACTIVEMQ_CONF: ..\..\conf
INFO   | jvm 1    | 2022/09/04 18:48:55 | ACTIVEMQ_DATA: ..\..\data
INFO   | jvm 1    | 2022/09/04 18:48:58 | Loading message broker from: xbean:activemq.xml
INFO   | jvm 1    | 2022/09/04 18:49:01 |  INFO | Using Persistence Adapter: KahaDBPersistenceAdapter[C:\Tuan Anh\ToThuy\Kien truc PM\2022\apache-activemq-5.17.1\bin\win64\..\..\data\kahadb]
INFO   | jvm 1    | 2022/09/04 18:49:02 |  INFO | Page File: ..\..\data\kahadb\db.data. Recovering pageFile free list due to prior unclean shutdown..
INFO   | jvm 1    | 2022/09/04 18:49:02 |  INFO | KahaDB is version 7
INFO   | jvm 1    | 2022/09/04 18:49:02 |  INFO | Page File: ..\..\data\kahadb\db.data. Recovered pageFile free list of size: 0
INFO   | jvm 1    | 2022/09/04 18:49:02 |  INFO | PListStore:[C:\Tuan Anh\ToThuy\Kien truc PM\2022\apache-activemq-5.17.1\bin\win64\..\..\data\localhost\tmp_storage] started
INFO   | jvm 1    | 2022/09/04 18:49:03 |  INFO | Apache ActiveMQ 5.17.1 (localhost, ID:RAKUS089-56425-1662292142990-0:1) is starting
INFO   | jvm 1    | 2022/09/04 18:49:03 |  INFO | Listening for connections at: tcp://RAKUS089:61616?maximumConnections=1000&wireFormat.maxFrameSize=104857600
INFO   | jvm 1    | 2022/09/04 18:49:03 |  INFO | Connector openwire started
INFO   | jvm 1    | 2022/09/04 18:49:04 |  INFO | Listening for connections at: amqp://RAKUS089:5672?maximumConnections=1000&wireFormat.maxFrameSize=104857600
INFO   | jvm 1    | 2022/09/04 18:49:04 |  INFO | Connector amqp started
INFO   | jvm 1    | 2022/09/04 18:49:04 |  INFO | Listening for connections at: stomp://RAKUS089:61613?maximumConnections=1000&wireFormat.maxFrameSize=104857600
INFO   | jvm 1    | 2022/09/04 18:49:04 |  INFO | Connector stomp started
INFO   | jvm 1    | 2022/09/04 18:49:04 |  INFO | Listening for connections at: mqtt://RAKUS089:1883?maximumConnections=1000&wireFormat.maxFrameSize=104857600
INFO   | jvm 1    | 2022/09/04 18:49:04 |  INFO | Connector mqtt started
INFO   | jvm 1    | 2022/09/04 18:49:04 |  INFO | Starting Jetty server
INFO   | jvm 1    | 2022/09/04 18:49:04 |  INFO | Creating Jetty connector
INFO   | jvm 1    | 2022/09/04 18:49:04 |  WARN | ServletContext@o.e.j.s.ServletContextHandler@45e7d04d{/,null,STARTING} has uncovered http methods for path: /
INFO   | jvm 1    | 2022/09/04 18:49:05 |  INFO | Listening for connections at ws://RAKUS089:61614?maximumConnections=1000&wireFormat.maxFrameSize=104857600
INFO   | jvm 1    | 2022/09/04 18:49:05 |  INFO | Connector ws started
INFO   | jvm 1    | 2022/09/04 18:49:05 |  INFO | Apache ActiveMQ 5.17.1 (localhost, ID:RAKUS089-56425-1662292142990-0:1) started
INFO   | jvm 1    | 2022/09/04 18:49:05 |  INFO | For help or more information please see: http://activemq.apache.org
INFO   | jvm 1    | 2022/09/04 18:49:05 |  WARN | Store limit is 102400 mb (current store usage is 0 mb). The data directory: C:\Tuan Anh\ToThuy\Kien truc PM\2022\apache-activemq-5.17.1\bin\win64\..\..\data\kahadb only has 68341 mb of usable space. - resetting to maximum available disk space: 68341 mb
INFO   | jvm 1    | 2022/09/04 18:49:08 |  INFO | ActiveMQ WebConsole available at http://127.0.0.1:8161/
INFO   | jvm 1    | 2022/09/04 18:49:08 |  INFO | ActiveMQ Jolokia REST API available at http://127.0.0.1:8161/api/jolokia/
INFO   | jvm 1    | 2022/09/04 19:12:39 |  WARN | /admin/createDestination.action
INFO   | jvm 1    | 2022/09/04 19:12:39 | javax.servlet.ServletException: javax.servlet.ServletException: org.springframework.web.util.NestedServletException: Request processing failed; nested exception is java.lang.IllegalArgumentException: No JMSDestination parameter specified
INFO   | jvm 1    | 2022/09/04 19:12:39 | 	at org.eclipse.jetty.server.handler.HandlerCollection.handle(HandlerCollection.java:162) ~[jetty-server-9.4.46.v20220331.jar:9.4.46.v20220331]
INFO   | jvm 1    | 2022/09/04 19:12:39 | 	at org.eclipse.jetty.server.handler.HandlerWrapper.handle(HandlerWrapper.java:127) ~[jetty-server-9.4.46.v20220331.jar:9.4.46.v20220331]
INFO   | jvm 1    | 2022/09/04 19:12:39 | 	at org.eclipse.jetty.server.Server.handle(Server.java:516) ~[jetty-server-9.4.46.v20220331.jar:9.4.46.v20220331]
INFO   | jvm 1    | 2022/09/04 19:12:39 | 	at org.eclipse.jetty.server.HttpChannel.lambda$handle$1(HttpChannel.java:487) ~[jetty-server-9.4.46.v20220331.jar:9.4.46.v20220331]
INFO   | jvm 1    | 2022/09/04 19:12:39 | 	at org.eclipse.jetty.server.HttpChannel.dispatch(HttpChannel.java:732) ~[jetty-server-9.4.46.v20220331.jar:9.4.46.v20220331]
INFO   | jvm 1    | 2022/09/04 19:12:39 | 	at org.eclipse.jetty.server.HttpChannel.handle(HttpChannel.java:479) ~[jetty-server-9.4.46.v20220331.jar:9.4.46.v20220331]
INFO   | jvm 1    | 2022/09/04 19:12:39 | 	at org.eclipse.jetty.server.HttpConnection.onFillable(HttpConnection.java:277) ~[jetty-server-9.4.46.v20220331.jar:9.4.46.v20220331]
INFO   | jvm 1    | 2022/09/04 19:12:39 | 	at org.eclipse.jetty.io.AbstractConnection$ReadCallback.succeeded(AbstractConnection.java:311) ~[jetty-io-9.4.46.v20220331.jar:9.4.46.v20220331]
INFO   | jvm 1    | 2022/09/04 19:12:39 | 	at org.eclipse.jetty.io.FillInterest.fillable(FillInterest.java:105) ~[jetty-io-9.4.46.v20220331.jar:9.4.46.v20220331]
INFO   | jvm 1    | 2022/09/04 19:12:39 | 	at org.eclipse.jetty.io.ChannelEndPoint$1.run(ChannelEndPoint.java:104) ~[jetty-io-9.4.46.v20220331.jar:9.4.46.v20220331]
INFO   | jvm 1    | 2022/09/04 19:12:39 | 	at org.eclipse.jetty.util.thread.strategy.EatWhatYouKill.runTask(EatWhatYouKill.java:338) ~[jetty-util-9.4.46.v20220331.jar:9.4.46.v20220331]
INFO   | jvm 1    | 2022/09/04 19:12:39 | 	at org.eclipse.jetty.util.thread.strategy.EatWhatYouKill.doProduce(EatWhatYouKill.java:315) ~[jetty-util-9.4.46.v20220331.jar:9.4.46.v20220331]
INFO   | jvm 1    | 2022/09/04 19:12:39 | 	at org.eclipse.jetty.util.thread.strategy.EatWhatYouKill.tryProduce(EatWhatYouKill.java:173) ~[jetty-util-9.4.46.v20220331.jar:9.4.46.v20220331]
INFO   | jvm 1    | 2022/09/04 19:12:39 | 	at org.eclipse.jetty.util.thread.strategy.EatWhatYouKill.run(EatWhatYouKill.java:131) ~[jetty-util-9.4.46.v20220331.jar:9.4.46.v20220331]
INFO   | jvm 1    | 2022/09/04 19:12:39 | 	at org.eclipse.jetty.util.thread.ReservedThreadExecutor$ReservedThread.run(ReservedThreadExecutor.java:409) ~[jetty-util-9.4.46.v20220331.jar:9.4.46.v20220331]
INFO   | jvm 1    | 2022/09/04 19:12:39 | 	at org.eclipse.jetty.util.thread.QueuedThreadPool.runJob(QueuedThreadPool.java:883) ~[jetty-util-9.4.46.v20220331.jar:9.4.46.v20220331]
INFO   | jvm 1    | 2022/09/04 19:12:39 | 	at org.eclipse.jetty.util.thread.QueuedThreadPool$Runner.run(QueuedThreadPool.java:1034) ~[jetty-util-9.4.46.v20220331.jar:9.4.46.v20220331]
INFO   | jvm 1    | 2022/09/04 19:12:39 | 	at java.lang.Thread.run(Thread.java:834) ~[?:?]
INFO   | jvm 1    | 2022/09/04 19:12:39 | Caused by: javax.servlet.ServletException: org.springframework.web.util.NestedServletException: Request processing failed; nested exception is java.lang.IllegalArgumentException: No JMSDestination parameter specified
INFO   | jvm 1    | 2022/09/04 19:12:39 | 	at org.eclipse.jetty.server.handler.HandlerCollection.handle(HandlerCollection.java:162) ~[jetty-server-9.4.46.v20220331.jar:9.4.46.v20220331]
INFO   | jvm 1    | 2022/09/04 19:12:39 | 	at org.eclipse.jetty.security.SecurityHandler.handle(SecurityHandler.java:560) ~[jetty-security-9.4.46.v20220331.jar:9.4.46.v20220331]
INFO   | jvm 1    | 2022/09/04 19:12:39 | 	at org.eclipse.jetty.server.handler.HandlerCollection.handle(HandlerCollection.java:146) ~[jetty-server-9.4.46.v20220331.jar:9.4.46.v20220331]
INFO   | jvm 1    | 2022/09/04 19:12:39 | 	... 17 more
INFO   | jvm 1    | 2022/09/04 19:12:39 | Caused by: org.springframework.web.util.NestedServletException: Request processing failed; nested exception is java.lang.IllegalArgumentException: No JMSDestination parameter specified
INFO   | jvm 1    | 2022/09/04 19:12:39 | 	at org.springframework.web.servlet.FrameworkServlet.processRequest(FrameworkServlet.java:1014) ~[spring-webmvc-5.3.19.jar:5.3.19]
INFO   | jvm 1    | 2022/09/04 19:12:39 | 	at org.springframework.web.servlet.FrameworkServlet.doPost(FrameworkServlet.java:909) ~[spring-webmvc-5.3.19.jar:5.3.19]
INFO   | jvm 1    | 2022/09/04 19:12:39 | 	at javax.servlet.http.HttpServlet.service(HttpServlet.java:681) ~[tomcat-servlet-api-9.0.58.jar:4.0.FR]
INFO   | jvm 1    | 2022/09/04 19:12:39 | 	at org.springframework.web.servlet.FrameworkServlet.service(FrameworkServlet.java:883) ~[spring-webmvc-5.3.19.jar:5.3.19]
INFO   | jvm 1    | 2022/09/04 19:12:39 | 	at javax.servlet.http.HttpServlet.service(HttpServlet.java:764) ~[tomcat-servlet-api-9.0.58.jar:4.0.FR]
INFO   | jvm 1    | 2022/09/04 19:12:39 | 	at org.eclipse.jetty.servlet.ServletHolder$NotAsync.service(ServletHolder.java:1459) ~[jetty-servlet-9.4.46.v20220331.jar:9.4.46.v20220331]
INFO   | jvm 1    | 2022/09/04 19:12:39 | 	at org.eclipse.jetty.servlet.ServletHolder.handle(ServletHolder.java:799) ~[jetty-servlet-9.4.46.v20220331.jar:9.4.46.v20220331]
INFO   | jvm 1    | 2022/09/04 19:12:39 | 	at org.eclipse.jetty.servlet.ServletHandler$ChainEnd.doFilter(ServletHandler.java:1631) ~[jetty-servlet-9.4.46.v20220331.jar:9.4.46.v20220331]
INFO   | jvm 1    | 2022/09/04 19:12:39 | 	at org.apache.activemq.web.AuditFilter.doFilter(AuditFilter.java:59) ~[activemq-web-5.17.1.jar:5.17.1]
INFO   | jvm 1    | 2022/09/04 19:12:39 | 	at org.eclipse.jetty.servlet.FilterHolder.doFilter(FilterHolder.java:193) ~[jetty-servlet-9.4.46.v20220331.jar:9.4.46.v20220331]
INFO   | jvm 1    | 2022/09/04 19:12:39 | 	at org.eclipse.jetty.servlet.ServletHandler$Chain.doFilter(ServletHandler.java:1601) ~[jetty-servlet-9.4.46.v20220331.jar:9.4.46.v20220331]
INFO   | jvm 1    | 2022/09/04 19:12:39 | 	at org.springframework.web.filter.RequestContextFilter.doFilterInternal(RequestContextFilter.java:100) ~[spring-web-5.3.19.jar:5.3.19]
INFO   | jvm 1    | 2022/09/04 19:12:39 | 	at org.springframework.web.filter.OncePerRequestFilter.doFilter(OncePerRequestFilter.java:117) ~[spring-web-5.3.19.jar:5.3.19]
INFO   | jvm 1    | 2022/09/04 19:12:39 | 	at org.eclipse.jetty.servlet.FilterHolder.doFilter(FilterHolder.java:193) ~[jetty-servlet-9.4.46.v20220331.jar:9.4.46.v20220331]
INFO   | jvm 1    | 2022/09/04 19:12:39 | 	at org.eclipse.jetty.servlet.ServletHandler$Chain.doFilter(ServletHandler.java:1601) ~[jetty-servlet-9.4.46.v20220331.jar:9.4.46.v20220331]
INFO   | jvm 1    | 2022/09/04 19:12:39 | 	at org.apache.activemq.web.filter.ApplicationContextFilter.doFilter(ApplicationContextFilter.java:102) ~[?:?]
INFO   | jvm 1    | 2022/09/04 19:12:39 | 	at org.eclipse.jetty.servlet.FilterHolder.doFilter(FilterHolder.java:201) ~[jetty-servlet-9.4.46.v20220331.jar:9.4.46.v20220331]
INFO   | jvm 1    | 2022/09/04 19:12:39 | 	at org.eclipse.jetty.servlet.ServletHandler$Chain.doFilter(ServletHandler.java:1601) ~[jetty-servlet-9.4.46.v20220331.jar:9.4.46.v20220331]
INFO   | jvm 1    | 2022/09/04 19:12:39 | 	at org.eclipse.jetty.servlet.ServletHandler.doHandle(ServletHandler.java:548) ~[jetty-servlet-9.4.46.v20220331.jar:9.4.46.v20220331]
INFO   | jvm 1    | 2022/09/04 19:12:39 | 	at org.eclipse.jetty.server.handler.ScopedHandler.handle(ScopedHandler.java:143) ~[jetty-server-9.4.46.v20220331.jar:9.4.46.v20220331]
INFO   | jvm 1    | 2022/09/04 19:12:39 | 	at org.eclipse.jetty.security.SecurityHandler.handle(SecurityHandler.java:560) ~[jetty-security-9.4.46.v20220331.jar:9.4.46.v20220331]
INFO   | jvm 1    | 2022/09/04 19:12:39 | 	at org.eclipse.jetty.server.handler.HandlerWrapper.handle(HandlerWrapper.java:127) ~[jetty-server-9.4.46.v20220331.jar:9.4.46.v20220331]
INFO   | jvm 1    | 2022/09/04 19:12:39 | 	at org.eclipse.jetty.server.handler.ScopedHandler.nextHandle(ScopedHandler.java:235) ~[jetty-server-9.4.46.v20220331.jar:9.4.46.v20220331]
INFO   | jvm 1    | 2022/09/04 19:12:39 | 	at org.eclipse.jetty.server.session.SessionHandler.doHandle(SessionHandler.java:1624) ~[jetty-server-9.4.46.v20220331.jar:9.4.46.v20220331]
INFO   | jvm 1    | 2022/09/04 19:12:39 | 	at org.eclipse.jetty.server.handler.ScopedHandler.nextHandle(ScopedHandler.java:233) ~[jetty-server-9.4.46.v20220331.jar:9.4.46.v20220331]
INFO   | jvm 1    | 2022/09/04 19:12:39 | 	at org.eclipse.jetty.server.handler.ContextHandler.doHandle(ContextHandler.java:1440) ~[jetty-server-9.4.46.v20220331.jar:9.4.46.v20220331]
INFO   | jvm 1    | 2022/09/04 19:12:39 | 	at org.eclipse.jetty.server.handler.ScopedHandler.nextScope(ScopedHandler.java:188) ~[jetty-server-9.4.46.v20220331.jar:9.4.46.v20220331]
INFO   | jvm 1    | 2022/09/04 19:12:39 | 	at org.eclipse.jetty.servlet.ServletHandler.doScope(ServletHandler.java:501) ~[jetty-servlet-9.4.46.v20220331.jar:9.4.46.v20220331]
INFO   | jvm 1    | 2022/09/04 19:12:39 | 	at org.eclipse.jetty.server.session.SessionHandler.doScope(SessionHandler.java:1594) ~[jetty-server-9.4.46.v20220331.jar:9.4.46.v20220331]
INFO   | jvm 1    | 2022/09/04 19:12:39 | 	at org.eclipse.jetty.server.handler.ScopedHandler.nextScope(ScopedHandler.java:186) ~[jetty-server-9.4.46.v20220331.jar:9.4.46.v20220331]
INFO   | jvm 1    | 2022/09/04 19:12:39 | 	at org.eclipse.jetty.server.handler.ContextHandler.doScope(ContextHandler.java:1355) ~[jetty-server-9.4.46.v20220331.jar:9.4.46.v20220331]
INFO   | jvm 1    | 2022/09/04 19:12:39 | 	at org.eclipse.jetty.server.handler.ScopedHandler.handle(ScopedHandler.java:141) ~[jetty-server-9.4.46.v20220331.jar:9.4.46.v20220331]
INFO   | jvm 1    | 2022/09/04 19:12:39 | 	at org.eclipse.jetty.server.handler.HandlerCollection.handle(HandlerCollection.java:146) ~[jetty-server-9.4.46.v20220331.jar:9.4.46.v20220331]
INFO   | jvm 1    | 2022/09/04 19:12:39 | 	at org.eclipse.jetty.security.SecurityHandler.handle(SecurityHandler.java:560) ~[jetty-security-9.4.46.v20220331.jar:9.4.46.v20220331]
INFO   | jvm 1    | 2022/09/04 19:12:39 | 	at org.eclipse.jetty.server.handler.HandlerCollection.handle(HandlerCollection.java:146) ~[jetty-server-9.4.46.v20220331.jar:9.4.46.v20220331]
INFO   | jvm 1    | 2022/09/04 19:12:39 | 	... 17 more
INFO   | jvm 1    | 2022/09/04 19:12:39 | Caused by: java.lang.IllegalArgumentException: No JMSDestination parameter specified
INFO   | jvm 1    | 2022/09/04 19:12:39 | 	at org.apache.activemq.web.DestinationFacade.getValidDestination(DestinationFacade.java:112) ~[activemq-web-5.17.1.jar:5.17.1]
INFO   | jvm 1    | 2022/09/04 19:12:39 | 	at org.apache.activemq.web.DestinationFacade.addDestination(DestinationFacade.java:56) ~[activemq-web-5.17.1.jar:5.17.1]
INFO   | jvm 1    | 2022/09/04 19:12:39 | 	at org.apache.activemq.web.controller.CreateDestination.handleRequest(CreateDestination.java:38) ~[?:?]
INFO   | jvm 1    | 2022/09/04 19:12:39 | 	at org.springframework.web.servlet.mvc.SimpleControllerHandlerAdapter.handle(SimpleControllerHandlerAdapter.java:51) ~[spring-webmvc-5.3.19.jar:5.3.19]
INFO   | jvm 1    | 2022/09/04 19:12:39 | 	at org.springframework.web.servlet.DispatcherServlet.doDispatch(DispatcherServlet.java:1067) ~[spring-webmvc-5.3.19.jar:5.3.19]
INFO   | jvm 1    | 2022/09/04 19:12:39 | 	at org.springframework.web.servlet.DispatcherServlet.doService(DispatcherServlet.java:963) ~[spring-webmvc-5.3.19.jar:5.3.19]
INFO   | jvm 1    | 2022/09/04 19:12:39 | 	at org.springframework.web.servlet.FrameworkServlet.processRequest(FrameworkServlet.java:1006) ~[spring-webmvc-5.3.19.jar:5.3.19]
INFO   | jvm 1    | 2022/09/04 19:12:39 | 	at org.springframework.web.servlet.FrameworkServlet.doPost(FrameworkServlet.java:909) ~[spring-webmvc-5.3.19.jar:5.3.19]
INFO   | jvm 1    | 2022/09/04 19:12:39 | 	at javax.servlet.http.HttpServlet.service(HttpServlet.java:681) ~[tomcat-servlet-api-9.0.58.jar:4.0.FR]
INFO   | jvm 1    | 2022/09/04 19:12:39 | 	at org.springframework.web.servlet.FrameworkServlet.service(FrameworkServlet.java:883) ~[spring-webmvc-5.3.19.jar:5.3.19]
INFO   | jvm 1    | 2022/09/04 19:12:39 | 	at javax.servlet.http.HttpServlet.service(HttpServlet.java:764) ~[tomcat-servlet-api-9.0.58.jar:4.0.FR]
INFO   | jvm 1    | 2022/09/04 19:12:39 | 	at org.eclipse.jetty.servlet.ServletHolder$NotAsync.service(ServletHolder.java:1459) ~[jetty-servlet-9.4.46.v20220331.jar:9.4.46.v20220331]
INFO   | jvm 1    | 2022/09/04 19:12:39 | 	at org.eclipse.jetty.servlet.ServletHolder.handle(ServletHolder.java:799) ~[jetty-servlet-9.4.46.v20220331.jar:9.4.46.v20220331]
INFO   | jvm 1    | 2022/09/04 19:12:39 | 	at org.eclipse.jetty.servlet.ServletHandler$ChainEnd.doFilter(ServletHandler.java:1631) ~[jetty-servlet-9.4.46.v20220331.jar:9.4.46.v20220331]
INFO   | jvm 1    | 2022/09/04 19:12:39 | 	at org.apache.activemq.web.AuditFilter.doFilter(AuditFilter.java:59) ~[activemq-web-5.17.1.jar:5.17.1]
INFO   | jvm 1    | 2022/09/04 19:12:39 | 	at org.eclipse.jetty.servlet.FilterHolder.doFilter(FilterHolder.java:193) ~[jetty-servlet-9.4.46.v20220331.jar:9.4.46.v20220331]
INFO   | jvm 1    | 2022/09/04 19:12:39 | 	at org.eclipse.jetty.servlet.ServletHandler$Chain.doFilter(ServletHandler.java:1601) ~[jetty-servlet-9.4.46.v20220331.jar:9.4.46.v20220331]
INFO   | jvm 1    | 2022/09/04 19:12:39 | 	at org.springframework.web.filter.RequestContextFilter.doFilterInternal(RequestContextFilter.java:100) ~[spring-web-5.3.19.jar:5.3.19]
INFO   | jvm 1    | 2022/09/04 19:12:39 | 	at org.springframework.web.filter.OncePerRequestFilter.doFilter(OncePerRequestFilter.java:117) ~[spring-web-5.3.19.jar:5.3.19]
INFO   | jvm 1    | 2022/09/04 19:12:39 | 	at org.eclipse.jetty.servlet.FilterHolder.doFilter(FilterHolder.java:193) ~[jetty-servlet-9.4.46.v20220331.jar:9.4.46.v20220331]
INFO   | jvm 1    | 2022/09/04 19:12:39 | 	at org.eclipse.jetty.servlet.ServletHandler$Chain.doFilter(ServletHandler.java:1601) ~[jetty-servlet-9.4.46.v20220331.jar:9.4.46.v20220331]
INFO   | jvm 1    | 2022/09/04 19:12:39 | 	at org.apache.activemq.web.filter.ApplicationContextFilter.doFilter(ApplicationContextFilter.java:102) ~[?:?]
INFO   | jvm 1    | 2022/09/04 19:12:39 | 	at org.eclipse.jetty.servlet.FilterHolder.doFilter(FilterHolder.java:201) ~[jetty-servlet-9.4.46.v20220331.jar:9.4.46.v20220331]
INFO   | jvm 1    | 2022/09/04 19:12:39 | 	at org.eclipse.jetty.servlet.ServletHandler$Chain.doFilter(ServletHandler.java:1601) ~[jetty-servlet-9.4.46.v20220331.jar:9.4.46.v20220331]
INFO   | jvm 1    | 2022/09/04 19:12:39 | 	at org.eclipse.jetty.servlet.ServletHandler.doHandle(ServletHandler.java:548) ~[jetty-servlet-9.4.46.v20220331.jar:9.4.46.v20220331]
INFO   | jvm 1    | 2022/09/04 19:12:39 | 	at org.eclipse.jetty.server.handler.ScopedHandler.handle(ScopedHandler.java:143) ~[jetty-server-9.4.46.v20220331.jar:9.4.46.v20220331]
INFO   | jvm 1    | 2022/09/04 19:12:39 | 	at org.eclipse.jetty.security.SecurityHandler.handle(SecurityHandler.java:560) ~[jetty-security-9.4.46.v20220331.jar:9.4.46.v20220331]
INFO   | jvm 1    | 2022/09/04 19:12:39 | 	at org.eclipse.jetty.server.handler.HandlerWrapper.handle(HandlerWrapper.java:127) ~[jetty-server-9.4.46.v20220331.jar:9.4.46.v20220331]
INFO   | jvm 1    | 2022/09/04 19:12:39 | 	at org.eclipse.jetty.server.handler.ScopedHandler.nextHandle(ScopedHandler.java:235) ~[jetty-server-9.4.46.v20220331.jar:9.4.46.v20220331]
INFO   | jvm 1    | 2022/09/04 19:12:39 | 	at org.eclipse.jetty.server.session.SessionHandler.doHandle(SessionHandler.java:1624) ~[jetty-server-9.4.46.v20220331.jar:9.4.46.v20220331]
INFO   | jvm 1    | 2022/09/04 19:12:39 | 	at org.eclipse.jetty.server.handler.ScopedHandler.nextHandle(ScopedHandler.java:233) ~[jetty-server-9.4.46.v20220331.jar:9.4.46.v20220331]
INFO   | jvm 1    | 2022/09/04 19:12:39 | 	at org.eclipse.jetty.server.handler.ContextHandler.doHandle(ContextHandler.java:1440) ~[jetty-server-9.4.46.v20220331.jar:9.4.46.v20220331]
INFO   | jvm 1    | 2022/09/04 19:12:39 | 	at org.eclipse.jetty.server.handler.ScopedHandler.nextScope(ScopedHandler.java:188) ~[jetty-server-9.4.46.v20220331.jar:9.4.46.v20220331]
INFO   | jvm 1    | 2022/09/04 19:12:39 | 	at org.eclipse.jetty.servlet.ServletHandler.doScope(ServletHandler.java:501) ~[jetty-servlet-9.4.46.v20220331.jar:9.4.46.v20220331]
INFO   | jvm 1    | 2022/09/04 19:12:39 | 	at org.eclipse.jetty.server.session.SessionHandler.doScope(SessionHandler.java:1594) ~[jetty-server-9.4.46.v20220331.jar:9.4.46.v20220331]
INFO   | jvm 1    | 2022/09/04 19:12:39 | 	at org.eclipse.jetty.server.handler.ScopedHandler.nextScope(ScopedHandler.java:186) ~[jetty-server-9.4.46.v20220331.jar:9.4.46.v20220331]
INFO   | jvm 1    | 2022/09/04 19:12:39 | 	at org.eclipse.jetty.server.handler.ContextHandler.doScope(ContextHandler.java:1355) ~[jetty-server-9.4.46.v20220331.jar:9.4.46.v20220331]
INFO   | jvm 1    | 2022/09/04 19:12:39 | 	at org.eclipse.jetty.server.handler.ScopedHandler.handle(ScopedHandler.java:141) ~[jetty-server-9.4.46.v20220331.jar:9.4.46.v20220331]
INFO   | jvm 1    | 2022/09/04 19:12:39 | 	at org.eclipse.jetty.server.handler.HandlerCollection.handle(HandlerCollection.java:146) ~[jetty-server-9.4.46.v20220331.jar:9.4.46.v20220331]
INFO   | jvm 1    | 2022/09/04 19:12:39 | 	at org.eclipse.jetty.security.SecurityHandler.handle(SecurityHandler.java:560) ~[jetty-security-9.4.46.v20220331.jar:9.4.46.v20220331]
INFO   | jvm 1    | 2022/09/04 19:12:39 | 	at org.eclipse.jetty.server.handler.HandlerCollection.handle(HandlerCollection.java:146) ~[jetty-server-9.4.46.v20220331.jar:9.4.46.v20220331]
INFO   | jvm 1    | 2022/09/04 19:12:39 | 	... 17 more
STATUS | wrapper  | 2022/09/05 20:49:28 | --> Wrapper Started as Console
STATUS | wrapper  | 2022/09/05 20:49:28 | Launching a JVM...
INFO   | jvm 1    | 2022/09/05 20:49:30 | Wrapper (Version 3.2.3) http://wrapper.tanukisoftware.org
INFO   | jvm 1    | 2022/09/05 20:49:30 |   Copyright 1999-2006 Tanuki Software, Inc.  All Rights Reserved.
INFO   | jvm 1    | 2022/09/05 20:49:30 | 
INFO   | jvm 1    | 2022/09/05 20:49:30 | Java Runtime: Oracle Corporation 11.0.13 C:\Program Files\Java\jdk-11.0.13
INFO   | jvm 1    | 2022/09/05 20:49:30 |   Heap sizes: current=1048576k  free=1037312k  max=1048576k
INFO   | jvm 1    | 2022/09/05 20:49:30 |     JVM args: -Dactivemq.home=../.. -Dactivemq.base=../.. -Djavax.net.ssl.keyStorePassword=password -Djavax.net.ssl.trustStorePassword=password -Djavax.net.ssl.keyStore=../../conf/broker.ks -Djavax.net.ssl.trustStore=../../conf/broker.ts -Dcom.sun.management.jmxremote -Dorg.apache.activemq.UseDedicatedTaskRunner=false -Djava.util.logging.config.file=logging.properties -Dactivemq.conf=../../conf -Dactivemq.data=../../data -Djava.security.auth.login.config=../../conf/login.config -Xms1024m -Xmx1024m -Djava.library.path=../../bin/win64 -Dwrapper.key=eHzbhP5LxV2Wx81m -Dwrapper.port=32000 -Dwrapper.jvm.port.min=31000 -Dwrapper.jvm.port.max=31999 -Dwrapper.pid=23272 -Dwrapper.version=3.2.3 -Dwrapper.native_library=wrapper -Dwrapper.cpu.timeout=10 -Dwrapper.jvmid=1
INFO   | jvm 1    | 2022/09/05 20:49:30 | Extensions classpath:
INFO   | jvm 1    | 2022/09/05 20:49:30 |   [..\..\lib,..\..\lib\camel,..\..\lib\optional,..\..\lib\web,..\..\lib\extra]
INFO   | jvm 1    | 2022/09/05 20:49:30 | ACTIVEMQ_HOME: ..\..
INFO   | jvm 1    | 2022/09/05 20:49:30 | ACTIVEMQ_BASE: ..\..
INFO   | jvm 1    | 2022/09/05 20:49:30 | ACTIVEMQ_CONF: ..\..\conf
INFO   | jvm 1    | 2022/09/05 20:49:30 | ACTIVEMQ_DATA: ..\..\data
INFO   | jvm 1    | 2022/09/05 20:49:31 | Loading message broker from: xbean:activemq.xml
INFO   | jvm 1    | 2022/09/05 20:49:32 |  INFO | Using Persistence Adapter: KahaDBPersistenceAdapter[C:\Tuan Anh\ToThuy\Kien truc PM\2022\apache-activemq-5.17.1\bin\win64\..\..\data\kahadb]
INFO   | jvm 1    | 2022/09/05 20:49:32 |  INFO | Page File: ..\..\data\kahadb\db.data. Recovering pageFile free list due to prior unclean shutdown..
INFO   | jvm 1    | 2022/09/05 20:49:32 |  INFO | KahaDB is version 7
INFO   | jvm 1    | 2022/09/05 20:49:32 |  INFO | Page File: ..\..\data\kahadb\db.data. Recovered pageFile free list of size: 0
INFO   | jvm 1    | 2022/09/05 20:49:33 |  INFO | PListStore:[C:\Tuan Anh\ToThuy\Kien truc PM\2022\apache-activemq-5.17.1\bin\win64\..\..\data\localhost\tmp_storage] started
INFO   | jvm 1    | 2022/09/05 20:49:33 |  INFO | Apache ActiveMQ 5.17.1 (localhost, ID:RAKUS089-59641-1662385773022-0:1) is starting
INFO   | jvm 1    | 2022/09/05 20:49:33 |  INFO | Listening for connections at: tcp://RAKUS089:61616?maximumConnections=1000&wireFormat.maxFrameSize=104857600
INFO   | jvm 1    | 2022/09/05 20:49:33 |  INFO | Connector openwire started
INFO   | jvm 1    | 2022/09/05 20:49:33 |  INFO | Listening for connections at: amqp://RAKUS089:5672?maximumConnections=1000&wireFormat.maxFrameSize=104857600
INFO   | jvm 1    | 2022/09/05 20:49:33 |  INFO | Connector amqp started
INFO   | jvm 1    | 2022/09/05 20:49:33 |  INFO | Listening for connections at: stomp://RAKUS089:61613?maximumConnections=1000&wireFormat.maxFrameSize=104857600
INFO   | jvm 1    | 2022/09/05 20:49:33 |  INFO | Connector stomp started
INFO   | jvm 1    | 2022/09/05 20:49:33 |  INFO | Listening for connections at: mqtt://RAKUS089:1883?maximumConnections=1000&wireFormat.maxFrameSize=104857600
INFO   | jvm 1    | 2022/09/05 20:49:33 |  INFO | Connector mqtt started
INFO   | jvm 1    | 2022/09/05 20:49:33 |  INFO | Starting Jetty server
INFO   | jvm 1    | 2022/09/05 20:49:33 |  INFO | Creating Jetty connector
INFO   | jvm 1    | 2022/09/05 20:49:33 |  WARN | ServletContext@o.e.j.s.ServletContextHandler@d88149c{/,null,STARTING} has uncovered http methods for path: /
INFO   | jvm 1    | 2022/09/05 20:49:33 |  INFO | Listening for connections at ws://RAKUS089:61614?maximumConnections=1000&wireFormat.maxFrameSize=104857600
INFO   | jvm 1    | 2022/09/05 20:49:33 |  INFO | Connector ws started
INFO   | jvm 1    | 2022/09/05 20:49:33 |  INFO | Apache ActiveMQ 5.17.1 (localhost, ID:RAKUS089-59641-1662385773022-0:1) started
INFO   | jvm 1    | 2022/09/05 20:49:33 |  INFO | For help or more information please see: http://activemq.apache.org
INFO   | jvm 1    | 2022/09/05 20:49:33 |  WARN | Store limit is 102400 mb (current store usage is 0 mb). The data directory: C:\Tuan Anh\ToThuy\Kien truc PM\2022\apache-activemq-5.17.1\bin\win64\..\..\data\kahadb only has 68759 mb of usable space. - resetting to maximum available disk space: 68759 mb
INFO   | jvm 1    | 2022/09/05 20:49:34 |  INFO | ActiveMQ WebConsole available at http://127.0.0.1:8161/
INFO   | jvm 1    | 2022/09/05 20:49:34 |  INFO | ActiveMQ Jolokia REST API available at http://127.0.0.1:8161/api/jolokia/
STATUS | wrapper  | 2022/09/08 20:38:35 | --> Wrapper Started as Console
STATUS | wrapper  | 2022/09/08 20:38:36 | Launching a JVM...
INFO   | jvm 1    | 2022/09/08 20:38:38 | Wrapper (Version 3.2.3) http://wrapper.tanukisoftware.org
INFO   | jvm 1    | 2022/09/08 20:38:38 |   Copyright 1999-2006 Tanuki Software, Inc.  All Rights Reserved.
INFO   | jvm 1    | 2022/09/08 20:38:38 | 
INFO   | jvm 1    | 2022/09/08 20:38:38 | Java Runtime: Oracle Corporation 11.0.13 C:\Program Files\Java\jdk-11.0.13
INFO   | jvm 1    | 2022/09/08 20:38:38 |   Heap sizes: current=1048576k  free=1036288k  max=1048576k
INFO   | jvm 1    | 2022/09/08 20:38:38 |     JVM args: -Dactivemq.home=../.. -Dactivemq.base=../.. -Djavax.net.ssl.keyStorePassword=password -Djavax.net.ssl.trustStorePassword=password -Djavax.net.ssl.keyStore=../../conf/broker.ks -Djavax.net.ssl.trustStore=../../conf/broker.ts -Dcom.sun.management.jmxremote -Dorg.apache.activemq.UseDedicatedTaskRunner=false -Djava.util.logging.config.file=logging.properties -Dactivemq.conf=../../conf -Dactivemq.data=../../data -Djava.security.auth.login.config=../../conf/login.config -Xms1024m -Xmx1024m -Djava.library.path=../../bin/win64 -Dwrapper.key=8uqVzqYKMz_mBzfK -Dwrapper.port=32000 -Dwrapper.jvm.port.min=31000 -Dwrapper.jvm.port.max=31999 -Dwrapper.pid=11244 -Dwrapper.version=3.2.3 -Dwrapper.native_library=wrapper -Dwrapper.cpu.timeout=10 -Dwrapper.jvmid=1
INFO   | jvm 1    | 2022/09/08 20:38:38 | Extensions classpath:
INFO   | jvm 1    | 2022/09/08 20:38:38 |   [..\..\lib,..\..\lib\camel,..\..\lib\optional,..\..\lib\web,..\..\lib\extra]
INFO   | jvm 1    | 2022/09/08 20:38:38 | ACTIVEMQ_HOME: ..\..
INFO   | jvm 1    | 2022/09/08 20:38:38 | ACTIVEMQ_BASE: ..\..
INFO   | jvm 1    | 2022/09/08 20:38:38 | ACTIVEMQ_CONF: ..\..\conf
INFO   | jvm 1    | 2022/09/08 20:38:38 | ACTIVEMQ_DATA: ..\..\data
INFO   | jvm 1    | 2022/09/08 20:38:40 | Loading message broker from: xbean:activemq.xml
INFO   | jvm 1    | 2022/09/08 20:38:42 |  INFO | Using Persistence Adapter: KahaDBPersistenceAdapter[C:\Tuan Anh\ToThuy\Kien truc PM\2022\apache-activemq-5.17.1\bin\win64\..\..\data\kahadb]
INFO   | jvm 1    | 2022/09/08 20:38:42 |  INFO | Page File: ..\..\data\kahadb\db.data. Recovering pageFile free list due to prior unclean shutdown..
INFO   | jvm 1    | 2022/09/08 20:38:42 |  INFO | KahaDB is version 7
INFO   | jvm 1    | 2022/09/08 20:38:42 |  INFO | Page File: ..\..\data\kahadb\db.data. Recovered pageFile free list of size: 0
INFO   | jvm 1    | 2022/09/08 20:38:43 |  INFO | PListStore:[C:\Tuan Anh\ToThuy\Kien truc PM\2022\apache-activemq-5.17.1\bin\win64\..\..\data\localhost\tmp_storage] started
INFO   | jvm 1    | 2022/09/08 20:38:43 |  INFO | Apache ActiveMQ 5.17.1 (localhost, ID:RAKUS089-63909-1662644323418-0:1) is starting
INFO   | jvm 1    | 2022/09/08 20:38:43 |  INFO | Listening for connections at: tcp://RAKUS089:61616?maximumConnections=1000&wireFormat.maxFrameSize=104857600
INFO   | jvm 1    | 2022/09/08 20:38:43 |  INFO | Connector openwire started
INFO   | jvm 1    | 2022/09/08 20:38:43 |  INFO | Listening for connections at: amqp://RAKUS089:5672?maximumConnections=1000&wireFormat.maxFrameSize=104857600
INFO   | jvm 1    | 2022/09/08 20:38:43 |  INFO | Connector amqp started
INFO   | jvm 1    | 2022/09/08 20:38:44 |  INFO | Listening for connections at: stomp://RAKUS089:61613?maximumConnections=1000&wireFormat.maxFrameSize=104857600
INFO   | jvm 1    | 2022/09/08 20:38:44 |  INFO | Connector stomp started
INFO   | jvm 1    | 2022/09/08 20:38:44 |  INFO | Listening for connections at: mqtt://RAKUS089:1883?maximumConnections=1000&wireFormat.maxFrameSize=104857600
INFO   | jvm 1    | 2022/09/08 20:38:44 |  INFO | Connector mqtt started
INFO   | jvm 1    | 2022/09/08 20:38:44 |  INFO | Starting Jetty server
INFO   | jvm 1    | 2022/09/08 20:38:44 |  INFO | Creating Jetty connector
INFO   | jvm 1    | 2022/09/08 20:38:44 |  WARN | ServletContext@o.e.j.s.ServletContextHandler@307f39dd{/,null,STARTING} has uncovered http methods for path: /
INFO   | jvm 1    | 2022/09/08 20:38:44 |  INFO | Listening for connections at ws://RAKUS089:61614?maximumConnections=1000&wireFormat.maxFrameSize=104857600
INFO   | jvm 1    | 2022/09/08 20:38:44 |  INFO | Connector ws started
INFO   | jvm 1    | 2022/09/08 20:38:44 |  INFO | Apache ActiveMQ 5.17.1 (localhost, ID:RAKUS089-63909-1662644323418-0:1) started
INFO   | jvm 1    | 2022/09/08 20:38:44 |  INFO | For help or more information please see: http://activemq.apache.org
INFO   | jvm 1    | 2022/09/08 20:38:44 |  WARN | Store limit is 102400 mb (current store usage is 0 mb). The data directory: C:\Tuan Anh\ToThuy\Kien truc PM\2022\apache-activemq-5.17.1\bin\win64\..\..\data\kahadb only has 66436 mb of usable space. - resetting to maximum available disk space: 66436 mb
INFO   | jvm 1    | 2022/09/08 20:38:47 |  INFO | ActiveMQ WebConsole available at http://127.0.0.1:8161/
INFO   | jvm 1    | 2022/09/08 20:38:47 |  INFO | ActiveMQ Jolokia REST API available at http://127.0.0.1:8161/api/jolokia/
INFO   | jvm 1    | 2022/09/08 20:40:41 |  INFO | Connector vm://localhost started
